<?xml version="1.0" encoding="utf-8"?><testsuites name="pytest tests"><testsuite name="pytest" errors="0" failures="0" skipped="0" tests="17" time="4.823" timestamp="2026-08-11T07:06:31.414217+00:00" hostname="agent-env-8905b9fc-09b9-4c5a-9399-f4430f363bec"><testcase classname="tests.test_exams_and_import.TestSeededExam" name="test_list_exams_has_half_yearly" time="0.641" /><testcase classname="tests.test_exams_and_import.TestSeededExam" name="test_results_has_ranks" time="0.253" /><testcase classname="tests.test_exams_and_import.TestExamCreate" name="test_create_without_subjects_400" time="0.189" /><testcase classname="tests.test_exams_and_import.TestExamCreate" name="test_duplicate_subject_names_400" time="0.093" /><testcase classname="tests.test_exams_and_import.TestExamCreate" name="test_create_success" time="0.501" /><testcase classname="tests.test_exams_and_import.TestMarksEntry" name="test_marks_above_max_400" time="0.285" /><testcase classname="tests.test_exams_and_import.TestMarksEntry" name="test_teacher_can_save_marks" time="0.414" /><testcase classname="tests.test_exams_and_import.TestMarksEntry" name="test_results_totals_and_grade" time="0.205" /><testcase classname="tests.test_exams_and_import.TestReportCard" name="test_report_card_json" time="0.275" /><testcase classname="tests.test_exams_and_import.TestReportCard" name="test_report_card_pdf" time="0.285" /><testcase classname="tests.test_exams_and_import.TestReportCard" name="test_parent_403_for_unlinked_child" time="0.608" /><testcase classname="tests.test_exams_and_import.TestReportCard" name="test_parent_can_access_own_child" time="0.190" /><testcase classname="tests.test_exams_and_import.TestPublishToggle" name="test_publish_toggle" time="0.440" /><testcase classname="tests.test_exams_and_import.TestCSVImport" name="test_import_valid_and_invalid_rows" time="0.104" /><testcase classname="tests.test_exams_and_import.TestCSVImport" name="test_import_missing_full_name_column_400" time="0.092" /><testcase classname="tests.test_exams_and_import.TestSmoke" name="test_students_list" time="0.092" /><testcase classname="tests.test_exams_and_import.TestSmoke" name="test_receipts_list" time="0.098" /></testsuite></testsuites>