<?xml version="1.0" encoding="utf-8"?><testsuites name="pytest tests"><testsuite name="pytest" errors="0" failures="0" skipped="0" tests="6" time="3.726" timestamp="2026-08-06T14:18:52.321107+00:00" hostname="agent-env-9b050ea7-c454-452c-9a30-ca49123574ac"><testcase classname="tests.test_regression_iter1" name="test_superadmin_login" time="0.439" /><testcase classname="tests.test_regression_iter1" name="test_accountant_login" time="0.361" /><testcase classname="tests.test_regression_iter1" name="test_parent_login_by_mobile" time="0.337" /><testcase classname="tests.test_regression_iter1" name="test_students_list_superadmin" time="0.308" /><testcase classname="tests.test_regression_iter1" name="test_fees_dues_and_schedule" time="0.236" /><testcase classname="tests.test_regression_iter1" name="test_razorpay_order_create" time="1.555" /></testsuite></testsuites>