<?xml version="1.0" encoding="utf-8"?><testsuites name="pytest tests"><testsuite name="pytest" errors="0" failures="0" skipped="0" tests="34" time="8.956" timestamp="2026-08-11T10:40:12.922079+00:00" hostname="agent-env-8905b9fc-09b9-4c5a-9399-f4430f363bec"><testcase classname="tests.test_stanvard_real_seed.TestAuth" name="test_super_admin_login" time="0.591" /><testcase classname="tests.test_stanvard_real_seed.TestAuth" name="test_parent_login_by_mobile" time="0.445" /><testcase classname="tests.test_stanvard_real_seed.TestAuth" name="test_parent_single_login_by_mobile" time="0.445" /><testcase classname="tests.test_stanvard_real_seed.TestAuth" name="test_invalid_password" time="0.443" /><testcase classname="tests.test_stanvard_real_seed.TestSchoolsAndRBAC" name="test_schools_list_has_knp" time="2.821" /><testcase classname="tests.test_stanvard_real_seed.TestSchoolsAndRBAC" name="test_accountant_cannot_create_school" time="0.088" /><testcase classname="tests.test_stanvard_real_seed.TestSchoolsAndRBAC" name="test_teacher_cannot_collect_payment" time="0.329" /><testcase classname="tests.test_stanvard_real_seed.TestSchoolsAndRBAC" name="test_teacher_cannot_manage_users" time="0.263" /><testcase classname="tests.test_stanvard_real_seed.TestAuth" name="test_me_endpoint" time="2.426" /><testcase classname="tests.test_fee_plan_duplicate_and_onetime.TestOneTimeCompositionBackend" name="test_untouched_april_shows_recurring_plus_onetime" time="0.888" /><testcase classname="tests.test_stanvard_real_seed.TestParentPortal" name="test_parent_multi_has_two_children" time="0.135" /><testcase classname="tests.test_fee_plan_duplicate_and_onetime.TestOneTimeCompositionBackend" name="test_retyping_displayed_value_no_double_count" time="0.090" /><testcase classname="tests.test_fee_plan_duplicate_and_onetime.TestOneTimeCompositionBackend" name="test_typed_increase_stored_recurring_only" time="0.088" /><testcase classname="tests.test_stanvard_real_seed.TestParentPortal" name="test_parent_single_has_one_child" time="0.145" /><testcase classname="tests.test_fee_plan_duplicate_and_onetime.TestOneTimeCompositionBackend" name="test_plan_persists_month_amounts_recurring_only" time="0.697" /><testcase classname="tests.test_stanvard_real_seed.TestParentPortal" name="test_parent_can_read_own_child_dues" time="0.339" /><testcase classname="tests.test_stanvard_real_seed.TestParentPortal" name="test_parent_cannot_read_random_student" time="0.180" /><testcase classname="tests.test_stanvard_real_seed.TestStudents" name="test_knp_student_count" time="0.072" /><testcase classname="tests.test_stanvard_real_seed.TestStudents" name="test_search_by_name" time="0.044" /><testcase classname="tests.test_stanvard_real_seed.TestStudents" name="test_student_detail_and_dues" time="0.334" /><testcase classname="tests.test_stanvard_real_seed.TestReportsAnalytics" name="test_analytics_fees" time="0.055" /><testcase classname="tests.test_stanvard_real_seed.TestReportsAnalytics" name="test_collection_csv" time="0.047" /><testcase classname="tests.test_fee_plan_month_overrides.TestPlanMonthOverrides" name="test_june_march_override_charged_may_zero_skipped" time="0.607" /><testcase classname="tests.test_stanvard_real_seed.TestReportsAnalytics" name="test_fee_status_pdf_xlsx_csv" time="0.391" /><testcase classname="tests.test_fee_plan_month_overrides.TestPlanMonthOverrides" name="test_plain_plan_equal_split_skips_june_march" time="0.137" /><testcase classname="tests.test_fee_plan_month_overrides.TestPlanMonthOverrides" name="test_installments_endpoint_rbac" time="0.225" /><testcase classname="tests.test_stanvard_real_seed.TestFees" name="test_fee_heads_list" time="0.083" /><testcase classname="tests.test_stanvard_real_seed.TestFees" name="test_13_classes_have_plans" time="0.086" /><testcase classname="tests.test_fee_plan_month_overrides.TestPlanMonthOverrides" name="test_persistence_of_month_amounts" time="0.745" /><testcase classname="tests.test_stanvard_real_seed.TestPaymentsOffline" name="test_offline_cash_payment_and_receipt_seq" time="0.562" /><testcase classname="tests.test_stanvard_real_seed.TestRazorpayMock" name="test_mock_order_and_verify_flow" time="0.202" /><testcase classname="tests.test_fee_plan_duplicate_and_onetime.TestDuplicateEndpoint" name="test_duplicate_creates_copy_draft" time="0.713" /><testcase classname="tests.test_fee_plan_duplicate_and_onetime.TestSetLiveValidation" name="test_set_live_classless_returns_400" time="1.245" /><testcase classname="tests.test_fee_plan_duplicate_and_onetime.TestDuplicateEndpoint" name="test_duplicate_404_unknown" time="0.948" /></testsuite></testsuites>