<?xml version="1.0" encoding="utf-8"?><testsuites name="pytest tests"><testsuite name="pytest" errors="0" failures="0" skipped="0" tests="35" time="10.103" timestamp="2026-08-11T10:33:29.599193+00:00" hostname="agent-env-8905b9fc-09b9-4c5a-9399-f4430f363bec"><testcase classname="tests.test_stanvard_real_seed.TestAuth" name="test_super_admin_login" time="0.575" /><testcase classname="tests.test_stanvard_real_seed.TestAuth" name="test_parent_login_by_mobile" time="0.324" /><testcase classname="tests.test_fee_plan_duplicate_and_onetime.TestOneTimeCompositionBackend" name="test_untouched_april_shows_recurring_plus_onetime" time="0.901" /><testcase classname="tests.test_stanvard_real_seed.TestAuth" name="test_parent_single_login_by_mobile" time="0.319" /><testcase classname="tests.test_fee_plan_duplicate_and_onetime.TestOneTimeCompositionBackend" name="test_retyping_displayed_value_no_double_count" time="0.088" /><testcase classname="tests.test_fee_plan_duplicate_and_onetime.TestOneTimeCompositionBackend" name="test_typed_increase_stored_recurring_only" time="0.273" /><testcase classname="tests.test_stanvard_real_seed.TestAuth" name="test_invalid_password" time="0.354" /><testcase classname="tests.test_fee_plan_duplicate_and_onetime.TestOneTimeCompositionBackend" name="test_plan_persists_month_amounts_recurring_only" time="1.173" /><testcase classname="tests.test_fee_plan_month_overrides.TestPlanMonthOverrides" name="test_june_march_override_charged_may_zero_skipped" time="0.858" /><testcase classname="tests.test_fee_plan_month_overrides.TestPlanMonthOverrides" name="test_plain_plan_equal_split_skips_june_march" time="0.127" /><testcase classname="tests.test_fee_plan_month_overrides.TestPlanMonthOverrides" name="test_installments_endpoint_rbac" time="0.507" /><testcase classname="tests.test_fee_plan_month_overrides.TestPlanMonthOverrides" name="test_persistence_of_month_amounts" time="0.647" /><testcase classname="tests.test_stanvard_real_seed.TestAuth" name="test_me_endpoint" time="2.475" /><testcase classname="tests.test_stanvard_real_seed.TestSchoolsAndRBAC" name="test_schools_list_has_knp" time="0.042" /><testcase classname="tests.test_stanvard_real_seed.TestSchoolsAndRBAC" name="test_accountant_cannot_create_school" time="0.239" /><testcase classname="tests.test_stanvard_real_seed.TestSchoolsAndRBAC" name="test_teacher_cannot_collect_payment" time="0.140" /><testcase classname="tests.test_stanvard_real_seed.TestSchoolsAndRBAC" name="test_teacher_cannot_manage_users" time="0.041" /><testcase classname="tests.test_stanvard_real_seed.TestStudents" name="test_knp_student_count" time="0.097" /><testcase classname="tests.test_stanvard_real_seed.TestStudents" name="test_search_by_name" time="0.047" /><testcase classname="tests.test_stanvard_real_seed.TestStudents" name="test_student_detail_and_dues" time="0.371" /><testcase classname="tests.test_stanvard_real_seed.TestReportsAnalytics" name="test_analytics_fees" time="0.243" /><testcase classname="tests.test_stanvard_real_seed.TestReportsAnalytics" name="test_collection_csv" time="0.050" /><testcase classname="tests.test_stanvard_real_seed.TestReportsAnalytics" name="test_fee_status_pdf_xlsx_csv" time="1.068" /><testcase classname="tests.test_fee_plan_duplicate_and_onetime.TestDuplicateEndpoint" name="test_duplicate_creates_copy_draft" time="0.675" /><testcase classname="tests.test_stanvard_real_seed.TestParentPortal" name="test_parent_multi_has_two_children" time="2.447" /><testcase classname="tests.test_stanvard_real_seed.TestParentPortal" name="test_parent_single_has_one_child" time="0.120" /><testcase classname="tests.test_fee_plan_duplicate_and_onetime.TestDuplicateEndpoint" name="test_duplicate_404_unknown" time="0.494" /><testcase classname="tests.test_stanvard_real_seed.TestParentPortal" name="test_parent_can_read_own_child_dues" time="0.287" /><testcase classname="tests.test_stanvard_real_seed.TestParentPortal" name="test_parent_cannot_read_random_student" time="0.256" /><testcase classname="tests.test_stanvard_real_seed.TestFees" name="test_fee_heads_list" time="0.040" /><testcase classname="tests.test_stanvard_real_seed.TestFees" name="test_13_classes_have_plans" time="0.082" /><testcase classname="tests.test_stanvard_real_seed.TestPaymentsOffline" name="test_offline_cash_payment_and_receipt_seq" time="0.427" /><testcase classname="tests.test_fee_plan_duplicate_and_onetime.TestSetLiveValidation" name="test_set_live_classless_returns_400" time="1.257" /><testcase classname="tests.test_stanvard_real_seed.TestRazorpayMock" name="test_mock_order_and_verify_flow" time="0.431" /><testcase classname="tests.test_class_viii_may_june_skip_march_charge" name="test_class_viii_37000_may_june_skip_march_charge" time="0.844" /></testsuite></testsuites>