<?xml version="1.0" encoding="utf-8"?><testsuites name="pytest tests"><testsuite name="pytest" errors="0" failures="0" skipped="0" tests="8" time="1.785" timestamp="2026-08-07T09:52:36.769176+00:00" hostname="agent-env-9b050ea7-c454-452c-9a30-ca49123574ac"><testcase classname="tests.test_fee_plan_live_draft" name="test_first_plan_becomes_live_and_assigns" time="0.759" /><testcase classname="tests.test_fee_plan_live_draft" name="test_second_plan_becomes_draft_no_assign" time="0.047" /><testcase classname="tests.test_fee_plan_live_draft" name="test_only_one_live_per_class" time="0.047" /><testcase classname="tests.test_fee_plan_live_draft" name="test_student_dues_reflect_plan_a" time="0.049" /><testcase classname="tests.test_fee_plan_live_draft" name="test_set_live_promotes_b_demotes_a" time="0.095" /><testcase classname="tests.test_fee_plan_live_draft" name="test_student_dues_reflect_plan_b" time="0.045" /><testcase classname="tests.test_fee_plan_live_draft" name="test_edit_draft_does_not_touch_assignments" time="0.094" /><testcase classname="tests.test_fee_plan_live_draft" name="test_edit_live_re_syncs_assignments" time="0.593" /></testsuite></testsuites>