<?xml version="1.0" encoding="utf-8"?><testsuites name="pytest tests"><testsuite name="pytest" errors="0" failures="0" skipped="1" tests="3" time="3.010" timestamp="2026-08-19T14:18:35.260513+00:00" hostname="agent-env-8905b9fc-09b9-4c5a-9399-f4430f363bec"><testcase classname="tests.test_razorpay_live" name="test_razorpay_order_live_mode" time="1.506" /><testcase classname="tests.test_razorpay_live" name="test_razorpay_verify_rejects_fabricated_signature" time="0.665" /><testcase classname="tests.test_razorpay_live" name="test_offline_admin_cash_collection_still_works" time="0.791"><skipped type="pytest.skip" message="schedule not available: 404">/app/backend/tests/test_razorpay_live.py:108: schedule not available: 404</skipped></testcase></testsuite></testsuites>