<?xml version="1.0" encoding="utf-8"?><testsuites name="pytest tests"><testsuite name="pytest" errors="0" failures="1" skipped="0" tests="35" time="13.152" timestamp="2026-08-19T14:18:53.191618+00:00" hostname="agent-env-8905b9fc-09b9-4c5a-9399-f4430f363bec"><testcase classname="tests.test_stanvard_real_seed.TestAuth" name="test_super_admin_login" time="0.411" /><testcase classname="tests.test_stanvard_real_seed.TestAuth" name="test_parent_login_by_mobile" time="0.356" /><testcase classname="tests.test_stanvard_real_seed.TestAuth" name="test_parent_single_login_by_mobile" time="0.334" /><testcase classname="tests.test_stanvard_real_seed.TestAuth" name="test_invalid_password" time="0.367" /><testcase classname="tests.test_stanvard_real_seed.TestAuth" name="test_me_endpoint" time="2.353" /><testcase classname="tests.test_stanvard_real_seed.TestSchoolsAndRBAC" name="test_schools_list_has_knp" time="0.083" /><testcase classname="tests.test_stanvard_real_seed.TestSchoolsAndRBAC" name="test_accountant_cannot_create_school" time="0.122" /><testcase classname="tests.test_stanvard_real_seed.TestSchoolsAndRBAC" name="test_teacher_cannot_collect_payment" time="0.189" /><testcase classname="tests.test_stanvard_real_seed.TestSchoolsAndRBAC" name="test_teacher_cannot_manage_users" time="0.067" /><testcase classname="tests.test_stanvard_real_seed.TestStudents" name="test_knp_student_count" time="0.095" /><testcase classname="tests.test_stanvard_real_seed.TestStudents" name="test_search_by_name" time="0.063" /><testcase classname="tests.test_stanvard_real_seed.TestStudents" name="test_student_detail_and_dues" time="0.205" /><testcase classname="tests.test_stanvard_real_seed.TestFees" name="test_fee_heads_list" time="0.064" /><testcase classname="tests.test_stanvard_real_seed.TestFees" name="test_13_classes_have_plans" time="0.131" /><testcase classname="tests.test_stanvard_real_seed.TestPaymentsOffline" name="test_offline_cash_payment_and_receipt_seq" time="0.427" /><testcase classname="tests.test_stanvard_real_seed.TestRazorpayMock" name="test_mock_order_and_verify_flow" time="0.375"><failure message="AssertionError: expected mock:true, got: {'order_id': 'order_TReu0gy3jvbbM6', 'amount': 25000, 'currency': 'INR', 'key_id': 'rzp_live_TA7vGSSfxoioz2', 'student_name': 'Aarav Dangi', 'mock': False}&#10;assert False is True&#10; +  where False = &lt;built-in method get of dict object at 0xf97812eda100&gt;('mock')&#10; +    where &lt;built-in method get of dict object at 0xf97812eda100&gt; = {'order_id': 'order_TReu0gy3jvbbM6', 'amount': 25000, 'currency': 'INR', 'key_id': 'rzp_live_TA7vGSSfxoioz2', ...}.get">backend/tests/test_stanvard_real_seed.py:258: in test_mock_order_and_verify_flow
    assert order.get('mock') is True, f"expected mock:true, got: {order}"
E   AssertionError: expected mock:true, got: {'order_id': 'order_TReu0gy3jvbbM6', 'amount': 25000, 'currency': 'INR', 'key_id': 'rzp_live_TA7vGSSfxoioz2', 'student_name': 'Aarav Dangi', 'mock': False}
E   assert False is True
E    +  where False = &lt;built-in method get of dict object at 0xf97812eda100&gt;('mock')
E    +    where &lt;built-in method get of dict object at 0xf97812eda100&gt; = {'order_id': 'order_TReu0gy3jvbbM6', 'amount': 25000, 'currency': 'INR', 'key_id': 'rzp_live_TA7vGSSfxoioz2', ...}.get</failure></testcase><testcase classname="tests.test_stanvard_real_seed.TestReportsAnalytics" name="test_analytics_fees" time="0.108" /><testcase classname="tests.test_stanvard_real_seed.TestReportsAnalytics" name="test_collection_csv" time="0.073" /><testcase classname="tests.test_stanvard_real_seed.TestReportsAnalytics" name="test_fee_status_pdf_xlsx_csv" time="0.995" /><testcase classname="tests.test_stanvard_real_seed.TestParentPortal" name="test_parent_multi_has_two_children" time="0.251" /><testcase classname="tests.test_stanvard_real_seed.TestParentPortal" name="test_parent_single_has_one_child" time="0.124" /><testcase classname="tests.test_stanvard_real_seed.TestParentPortal" name="test_parent_can_read_own_child_dues" time="0.156" /><testcase classname="tests.test_stanvard_real_seed.TestParentPortal" name="test_parent_cannot_read_random_student" time="0.225" /><testcase classname="tests.test_fee_plan_month_overrides.TestPlanMonthOverrides" name="test_june_march_override_charged_may_zero_skipped" time="0.731" /><testcase classname="tests.test_fee_plan_month_overrides.TestPlanMonthOverrides" name="test_plain_plan_equal_split_skips_june_march" time="0.201" /><testcase classname="tests.test_fee_plan_month_overrides.TestPlanMonthOverrides" name="test_installments_endpoint_rbac" time="0.239" /><testcase classname="tests.test_fee_plan_month_overrides.TestPlanMonthOverrides" name="test_persistence_of_month_amounts" time="0.891" /><testcase classname="tests.test_class_viii_may_june_skip_march_charge" name="test_class_viii_37000_may_june_skip_march_charge" time="1.057" /><testcase classname="tests.test_fee_plan_duplicate_and_onetime.TestOneTimeCompositionBackend" name="test_untouched_april_shows_recurring_plus_onetime" time="0.584" /><testcase classname="tests.test_fee_plan_duplicate_and_onetime.TestOneTimeCompositionBackend" name="test_retyping_displayed_value_no_double_count" time="0.126" /><testcase classname="tests.test_fee_plan_duplicate_and_onetime.TestOneTimeCompositionBackend" name="test_typed_increase_stored_recurring_only" time="0.121" /><testcase classname="tests.test_fee_plan_duplicate_and_onetime.TestOneTimeCompositionBackend" name="test_plan_persists_month_amounts_recurring_only" time="0.122" /><testcase classname="tests.test_fee_plan_duplicate_and_onetime.TestDuplicateEndpoint" name="test_duplicate_creates_copy_draft" time="0.196" /><testcase classname="tests.test_fee_plan_duplicate_and_onetime.TestDuplicateEndpoint" name="test_duplicate_404_unknown" time="0.056" /><testcase classname="tests.test_fee_plan_duplicate_and_onetime.TestSetLiveValidation" name="test_set_live_classless_returns_400" time="1.166" /></testsuite></testsuites>