<?xml version="1.0" encoding="utf-8"?><testsuites name="pytest tests"><testsuite name="pytest" errors="0" failures="0" skipped="1" tests="38" time="16.728" timestamp="2026-08-19T15:10:11.269395+00:00" hostname="agent-env-8905b9fc-09b9-4c5a-9399-f4430f363bec"><testcase classname="tests.test_stanvard_real_seed.TestAuth" name="test_super_admin_login" time="0.485" /><testcase classname="tests.test_stanvard_real_seed.TestAuth" name="test_parent_login_by_mobile" time="0.345" /><testcase classname="tests.test_stanvard_real_seed.TestAuth" name="test_parent_single_login_by_mobile" time="0.394" /><testcase classname="tests.test_stanvard_real_seed.TestAuth" name="test_invalid_password" time="0.351" /><testcase classname="tests.test_stanvard_real_seed.TestAuth" name="test_me_endpoint" time="2.527" /><testcase classname="tests.test_stanvard_real_seed.TestSchoolsAndRBAC" name="test_schools_list_has_knp" time="0.100" /><testcase classname="tests.test_stanvard_real_seed.TestSchoolsAndRBAC" name="test_accountant_cannot_create_school" time="0.132" /><testcase classname="tests.test_stanvard_real_seed.TestSchoolsAndRBAC" name="test_teacher_cannot_collect_payment" time="0.223" /><testcase classname="tests.test_stanvard_real_seed.TestSchoolsAndRBAC" name="test_teacher_cannot_manage_users" time="0.075" /><testcase classname="tests.test_stanvard_real_seed.TestStudents" name="test_knp_student_count" time="0.216" /><testcase classname="tests.test_stanvard_real_seed.TestStudents" name="test_search_by_name" time="0.084" /><testcase classname="tests.test_stanvard_real_seed.TestStudents" name="test_student_detail_and_dues" time="0.234" /><testcase classname="tests.test_stanvard_real_seed.TestFees" name="test_fee_heads_list" time="0.075" /><testcase classname="tests.test_stanvard_real_seed.TestFees" name="test_13_classes_have_plans" time="0.160" /><testcase classname="tests.test_stanvard_real_seed.TestPaymentsOffline" name="test_offline_cash_payment_and_receipt_seq" time="0.488" /><testcase classname="tests.test_stanvard_real_seed.TestRazorpayOrderFlow" name="test_order_and_signature_guards" time="1.213" /><testcase classname="tests.test_stanvard_real_seed.TestReportsAnalytics" name="test_analytics_fees" time="0.106" /><testcase classname="tests.test_stanvard_real_seed.TestReportsAnalytics" name="test_collection_csv" time="0.086" /><testcase classname="tests.test_stanvard_real_seed.TestReportsAnalytics" name="test_fee_status_pdf_xlsx_csv" time="0.759" /><testcase classname="tests.test_stanvard_real_seed.TestParentPortal" name="test_parent_multi_has_two_children" time="0.157" /><testcase classname="tests.test_stanvard_real_seed.TestParentPortal" name="test_parent_single_has_one_child" time="0.168" /><testcase classname="tests.test_stanvard_real_seed.TestParentPortal" name="test_parent_can_read_own_child_dues" time="0.162" /><testcase classname="tests.test_stanvard_real_seed.TestParentPortal" name="test_parent_cannot_read_random_student" time="0.251" /><testcase classname="tests.test_razorpay_live" name="test_razorpay_order_live_mode" time="0.916" /><testcase classname="tests.test_razorpay_live" name="test_razorpay_verify_rejects_fabricated_signature" time="0.560" /><testcase classname="tests.test_razorpay_live" name="test_offline_admin_cash_collection_still_works" time="0.813"><skipped type="pytest.skip" message="schedule not available: 404">/app/backend/tests/test_razorpay_live.py:108: schedule not available: 404</skipped></testcase><testcase classname="tests.test_fee_plan_month_overrides.TestPlanMonthOverrides" name="test_june_march_override_charged_may_zero_skipped" time="0.608" /><testcase classname="tests.test_fee_plan_month_overrides.TestPlanMonthOverrides" name="test_plain_plan_equal_split_skips_june_march" time="0.162" /><testcase classname="tests.test_fee_plan_month_overrides.TestPlanMonthOverrides" name="test_installments_endpoint_rbac" time="0.192" /><testcase classname="tests.test_fee_plan_month_overrides.TestPlanMonthOverrides" name="test_persistence_of_month_amounts" time="0.820" /><testcase classname="tests.test_class_viii_may_june_skip_march_charge" name="test_class_viii_37000_may_june_skip_march_charge" time="1.059" /><testcase classname="tests.test_fee_plan_duplicate_and_onetime.TestOneTimeCompositionBackend" name="test_untouched_april_shows_recurring_plus_onetime" time="0.696" /><testcase classname="tests.test_fee_plan_duplicate_and_onetime.TestOneTimeCompositionBackend" name="test_retyping_displayed_value_no_double_count" time="0.157" /><testcase classname="tests.test_fee_plan_duplicate_and_onetime.TestOneTimeCompositionBackend" name="test_typed_increase_stored_recurring_only" time="0.175" /><testcase classname="tests.test_fee_plan_duplicate_and_onetime.TestOneTimeCompositionBackend" name="test_plan_persists_month_amounts_recurring_only" time="0.165" /><testcase classname="tests.test_fee_plan_duplicate_and_onetime.TestDuplicateEndpoint" name="test_duplicate_creates_copy_draft" time="0.237" /><testcase classname="tests.test_fee_plan_duplicate_and_onetime.TestDuplicateEndpoint" name="test_duplicate_404_unknown" time="0.076" /><testcase classname="tests.test_fee_plan_duplicate_and_onetime.TestSetLiveValidation" name="test_set_live_classless_returns_400" time="1.216" /></testsuite></testsuites>