<?xml version="1.0" encoding="utf-8"?><testsuites name="pytest tests"><testsuite name="pytest" errors="0" failures="0" skipped="0" tests="23" time="6.469" timestamp="2026-08-11T07:41:55.439391+00:00" hostname="agent-env-8905b9fc-09b9-4c5a-9399-f4430f363bec"><testcase classname="tests.test_stanvard_real_seed.TestAuth" name="test_super_admin_login" time="0.516" /><testcase classname="tests.test_stanvard_real_seed.TestAuth" name="test_parent_login_by_mobile" time="0.355" /><testcase classname="tests.test_stanvard_real_seed.TestAuth" name="test_parent_single_login_by_mobile" time="0.348" /><testcase classname="tests.test_stanvard_real_seed.TestAuth" name="test_invalid_password" time="0.344" /><testcase classname="tests.test_stanvard_real_seed.TestAuth" name="test_me_endpoint" time="2.124" /><testcase classname="tests.test_stanvard_real_seed.TestSchoolsAndRBAC" name="test_schools_list_has_knp" time="0.055" /><testcase classname="tests.test_stanvard_real_seed.TestSchoolsAndRBAC" name="test_accountant_cannot_create_school" time="0.092" /><testcase classname="tests.test_stanvard_real_seed.TestSchoolsAndRBAC" name="test_teacher_cannot_collect_payment" time="0.139" /><testcase classname="tests.test_stanvard_real_seed.TestSchoolsAndRBAC" name="test_teacher_cannot_manage_users" time="0.043" /><testcase classname="tests.test_stanvard_real_seed.TestStudents" name="test_knp_student_count" time="0.104" /><testcase classname="tests.test_stanvard_real_seed.TestStudents" name="test_search_by_name" time="0.055" /><testcase classname="tests.test_stanvard_real_seed.TestStudents" name="test_student_detail_and_dues" time="0.164" /><testcase classname="tests.test_stanvard_real_seed.TestFees" name="test_fee_heads_list" time="0.054" /><testcase classname="tests.test_stanvard_real_seed.TestFees" name="test_13_classes_have_plans" time="0.105" /><testcase classname="tests.test_stanvard_real_seed.TestPaymentsOffline" name="test_offline_cash_payment_and_receipt_seq" time="0.236" /><testcase classname="tests.test_stanvard_real_seed.TestRazorpayMock" name="test_mock_order_and_verify_flow" time="0.144" /><testcase classname="tests.test_stanvard_real_seed.TestReportsAnalytics" name="test_analytics_fees" time="0.091" /><testcase classname="tests.test_stanvard_real_seed.TestReportsAnalytics" name="test_collection_csv" time="0.061" /><testcase classname="tests.test_stanvard_real_seed.TestReportsAnalytics" name="test_fee_status_pdf_xlsx_csv" time="0.866" /><testcase classname="tests.test_stanvard_real_seed.TestParentPortal" name="test_parent_multi_has_two_children" time="0.145" /><testcase classname="tests.test_stanvard_real_seed.TestParentPortal" name="test_parent_single_has_one_child" time="0.091" /><testcase classname="tests.test_stanvard_real_seed.TestParentPortal" name="test_parent_can_read_own_child_dues" time="0.094" /><testcase classname="tests.test_stanvard_real_seed.TestParentPortal" name="test_parent_cannot_read_random_student" time="0.151" /></testsuite></testsuites>