<?xml version="1.0" encoding="utf-8"?><testsuites name="pytest tests"><testsuite name="pytest" errors="0" failures="0" skipped="0" tests="12" time="7.346" timestamp="2026-08-19T15:09:57.846691+00:00" hostname="agent-env-8905b9fc-09b9-4c5a-9399-f4430f363bec"><testcase classname="tests.test_twilio_messaging" name="test_status_configured" time="0.708" /><testcase classname="tests.test_twilio_messaging" name="test_pending_month_8_has_rows" time="0.709" /><testcase classname="tests.test_twilio_messaging" name="test_pending_lkg_is_zero" time="0.551" /><testcase classname="tests.test_twilio_messaging" name="test_pending_class_ii_has_rows" time="0.220" /><testcase classname="tests.test_twilio_messaging" name="test_messaging_test_returns_json_error_on_trial" time="0.508" /><testcase classname="tests.test_twilio_messaging" name="test_messaging_test_invalid_phone" time="0.197" /><testcase classname="tests.test_twilio_messaging" name="test_fee_reminders_class_ii_graceful_failures" time="2.841" /><testcase classname="tests.test_twilio_messaging" name="test_fee_reminders_bad_month" time="0.159" /><testcase classname="tests.test_twilio_messaging" name="test_fee_reminders_bad_channel" time="0.150" /><testcase classname="tests.test_twilio_messaging" name="test_accountant_can_send_reminders" time="0.591" /><testcase classname="tests.test_twilio_messaging" name="test_parent_forbidden_on_test_endpoint" time="0.537" /><testcase classname="tests.test_twilio_messaging" name="test_parent_forbidden_on_reminders" time="0.126" /></testsuite></testsuites>